<?xml version="1.0" encoding="UTF-8"?>
<testsuite name="com.example.model.ServiceRequestParserTests" tests="2" skipped="0" failures="0" errors="0" timestamp="2016-10-05T02:14:32" hostname="anakin.local" time="0.009">
  <properties/>
  <testcase name="testDateFormatParsing" classname="com.example.model.ServiceRequestParserTests" time="0.002"/>
  <testcase name="testSuccessfulParsing" classname="com.example.model.ServiceRequestParserTests" time="0.006"/>
  <system-out><![CDATA[]]></system-out>
  <system-err><![CDATA[]]></system-err>
</testsuite>
