<?xml version="1.0" encoding="UTF-8"?>
<testsuite name="com.example.Geode311DemoApplicationTests" tests="1" skipped="0" failures="0" errors="0" timestamp="2016-10-05T02:14:32" hostname="anakin.local" time="0.008">
  <properties/>
  <testcase name="contextLoads" classname="com.example.Geode311DemoApplicationTests" time="0.008"/>
  <system-out><![CDATA[22:14:29.480 [Test worker] DEBUG org.springframework.test.context.junit4.SpringJUnit4ClassRunner - SpringJUnit4ClassRunner constructor called with [class com.example.Geode311DemoApplicationTests]
22:14:29.483 [Test worker] DEBUG org.springframework.test.context.BootstrapUtils - Instantiating CacheAwareContextLoaderDelegate from class [org.springframework.test.context.cache.DefaultCacheAwareContextLoaderDelegate]
22:14:29.489 [Test worker] DEBUG org.springframework.test.context.BootstrapUtils - Instantiating BootstrapContext using constructor [public org.springframework.test.context.support.DefaultBootstrapContext(java.lang.Class,org.springframework.test.context.CacheAwareContextLoaderDelegate)]
22:14:29.501 [Test worker] DEBUG org.springframework.test.context.BootstrapUtils - Instantiating TestContextBootstrapper for test class [com.example.Geode311DemoApplicationTests] from class [org.springframework.boot.test.context.SpringBootTestContextBootstrapper]
22:14:29.509 [Test worker] INFO org.springframework.boot.test.context.SpringBootTestContextBootstrapper - Neither @ContextConfiguration nor @ContextHierarchy found for test class [com.example.Geode311DemoApplicationTests], using SpringBootContextLoader
22:14:29.511 [Test worker] DEBUG org.springframework.test.context.support.AbstractContextLoader - Did not detect default resource location for test class [com.example.Geode311DemoApplicationTests]: class path resource [com/example/Geode311DemoApplicationTests-context.xml] does not exist
22:14:29.512 [Test worker] DEBUG org.springframework.test.context.support.AbstractContextLoader - Did not detect default resource location for test class [com.example.Geode311DemoApplicationTests]: class path resource [com/example/Geode311DemoApplicationTestsContext.groovy] does not exist
22:14:29.512 [Test worker] INFO org.springframework.test.context.support.AbstractContextLoader - Could not detect default resource locations for test class [com.example.Geode311DemoApplicationTests]: no resource found for suffixes {-context.xml, Context.groovy}.
22:14:29.513 [Test worker] INFO org.springframework.test.context.support.AnnotationConfigContextLoaderUtils - Could not detect default configuration classes for test class [com.example.Geode311DemoApplicationTests]: Geode311DemoApplicationTests does not declare any static, non-private, non-final, nested classes annotated with @Configuration.
22:14:29.538 [Test worker] DEBUG org.springframework.test.context.support.ActiveProfilesUtils - Could not find an 'annotation declaring class' for annotation type [org.springframework.test.context.ActiveProfiles] and class [com.example.Geode311DemoApplicationTests]
22:14:29.569 [Test worker] DEBUG org.springframework.core.env.StandardEnvironment - Adding [systemProperties] PropertySource with lowest search precedence
22:14:29.570 [Test worker] DEBUG org.springframework.core.env.StandardEnvironment - Adding [systemEnvironment] PropertySource with lowest search precedence
22:14:29.571 [Test worker] DEBUG org.springframework.core.env.StandardEnvironment - Initialized StandardEnvironment with PropertySources [systemProperties,systemEnvironment]
22:14:29.579 [Test worker] DEBUG org.springframework.core.io.support.PathMatchingResourcePatternResolver - Resolved classpath location [com/example/] to resources [URL [file:/Users/wmarkito/Pivotal/ASF/samples/geode311demo/build/classes/test/com/example/], URL [file:/Users/wmarkito/Pivotal/ASF/samples/geode311demo/build/classes/main/com/example/]]
22:14:29.579 [Test worker] DEBUG org.springframework.core.io.support.PathMatchingResourcePatternResolver - Looking for matching resources in directory tree [/Users/wmarkito/Pivotal/ASF/samples/geode311demo/build/classes/test/com/example]
22:14:29.579 [Test worker] DEBUG org.springframework.core.io.support.PathMatchingResourcePatternResolver - Searching directory [/Users/wmarkito/Pivotal/ASF/samples/geode311demo/build/classes/test/com/example] for files matching pattern [/Users/wmarkito/Pivotal/ASF/samples/geode311demo/build/classes/test/com/example/*.class]
22:14:29.582 [Test worker] DEBUG org.springframework.core.io.support.PathMatchingResourcePatternResolver - Looking for matching resources in directory tree [/Users/wmarkito/Pivotal/ASF/samples/geode311demo/build/classes/main/com/example]
22:14:29.582 [Test worker] DEBUG org.springframework.core.io.support.PathMatchingResourcePatternResolver - Searching directory [/Users/wmarkito/Pivotal/ASF/samples/geode311demo/build/classes/main/com/example] for files matching pattern [/Users/wmarkito/Pivotal/ASF/samples/geode311demo/build/classes/main/com/example/*.class]
22:14:29.584 [Test worker] DEBUG org.springframework.core.io.support.PathMatchingResourcePatternResolver - Resolved location pattern [classpath*:com/example/*.class] to resources [file [/Users/wmarkito/Pivotal/ASF/samples/geode311demo/build/classes/test/com/example/Geode311DemoApplicationTests.class], file [/Users/wmarkito/Pivotal/ASF/samples/geode311demo/build/classes/test/com/example/LoaderTest.class], file [/Users/wmarkito/Pivotal/ASF/samples/geode311demo/build/classes/test/com/example/ServiceRequestParserTests.class], file [/Users/wmarkito/Pivotal/ASF/samples/geode311demo/build/classes/main/com/example/Geode311DemoApplication.class], file [/Users/wmarkito/Pivotal/ASF/samples/geode311demo/build/classes/main/com/example/Loader$1.class], file [/Users/wmarkito/Pivotal/ASF/samples/geode311demo/build/classes/main/com/example/Loader$Config.class], file [/Users/wmarkito/Pivotal/ASF/samples/geode311demo/build/classes/main/com/example/Loader$Stats.class], file [/Users/wmarkito/Pivotal/ASF/samples/geode311demo/build/classes/main/com/example/Loader.class], file [/Users/wmarkito/Pivotal/ASF/samples/geode311demo/build/classes/main/com/example/Parser.class], file [/Users/wmarkito/Pivotal/ASF/samples/geode311demo/build/classes/main/com/example/SearchController.class], file [/Users/wmarkito/Pivotal/ASF/samples/geode311demo/build/classes/main/com/example/ServiceRequest.class], file [/Users/wmarkito/Pivotal/ASF/samples/geode311demo/build/classes/main/com/example/ServiceRequestBuilder.class], file [/Users/wmarkito/Pivotal/ASF/samples/geode311demo/build/classes/main/com/example/ServiceRequestParser.class], file [/Users/wmarkito/Pivotal/ASF/samples/geode311demo/build/classes/main/com/example/WebConfiguration.class]]
22:14:29.618 [Test worker] DEBUG org.springframework.context.annotation.ClassPathScanningCandidateComponentProvider - Identified candidate component class: file [/Users/wmarkito/Pivotal/ASF/samples/geode311demo/build/classes/main/com/example/Geode311DemoApplication.class]
22:14:29.628 [Test worker] INFO org.springframework.boot.test.context.SpringBootTestContextBootstrapper - Found @SpringBootConfiguration com.example.Geode311DemoApplication for test class com.example.Geode311DemoApplicationTests
22:14:29.631 [Test worker] DEBUG org.springframework.boot.test.context.SpringBootTestContextBootstrapper - @TestExecutionListeners is not present for class [com.example.Geode311DemoApplicationTests]: using defaults.
22:14:29.634 [Test worker] INFO org.springframework.boot.test.context.SpringBootTestContextBootstrapper - Loaded default TestExecutionListener class names from location [META-INF/spring.factories]: [org.springframework.boot.test.mock.mockito.MockitoTestExecutionListener, org.springframework.boot.test.mock.mockito.ResetMocksTestExecutionListener, org.springframework.boot.test.autoconfigure.AutoConfigureReportTestExecutionListener, org.springframework.boot.test.autoconfigure.restdocs.RestDocsTestExecutionListener, org.springframework.boot.test.autoconfigure.web.client.MockRestServiceServerResetTestExecutionListener, org.springframework.test.context.web.ServletTestExecutionListener, org.springframework.test.context.support.DirtiesContextBeforeModesTestExecutionListener, org.springframework.test.context.support.DependencyInjectionTestExecutionListener, org.springframework.test.context.support.DirtiesContextTestExecutionListener, org.springframework.test.context.transaction.TransactionalTestExecutionListener, org.springframework.test.context.jdbc.SqlScriptsTestExecutionListener]
22:14:29.639 [Test worker] INFO org.springframework.boot.test.context.SpringBootTestContextBootstrapper - Could not instantiate TestExecutionListener [org.springframework.test.context.transaction.TransactionalTestExecutionListener]. Specify custom listener classes or make the default listener classes (and their required dependencies) available. Offending class: [org/springframework/transaction/interceptor/TransactionAttributeSource]
22:14:29.641 [Test worker] INFO org.springframework.boot.test.context.SpringBootTestContextBootstrapper - Could not instantiate TestExecutionListener [org.springframework.test.context.jdbc.SqlScriptsTestExecutionListener]. Specify custom listener classes or make the default listener classes (and their required dependencies) available. Offending class: [org/springframework/transaction/interceptor/TransactionAttribute]
22:14:29.642 [Test worker] INFO org.springframework.boot.test.context.SpringBootTestContextBootstrapper - Using TestExecutionListeners: [org.springframework.test.context.web.ServletTestExecutionListener@19ae0811, org.springframework.test.context.support.DirtiesContextBeforeModesTestExecutionListener@1f28389a, org.springframework.boot.test.autoconfigure.AutoConfigureReportTestExecutionListener@777a6a1c, org.springframework.test.context.support.DependencyInjectionTestExecutionListener@36e2d4fc, org.springframework.test.context.support.DirtiesContextTestExecutionListener@5f65bcb1, org.springframework.boot.test.autoconfigure.restdocs.RestDocsTestExecutionListener@1d7b32f, org.springframework.boot.test.mock.mockito.ResetMocksTestExecutionListener@25591383, org.springframework.boot.test.autoconfigure.web.client.MockRestServiceServerResetTestExecutionListener@53c76e0, org.springframework.boot.test.mock.mockito.MockitoTestExecutionListener@77ced2c2]
22:14:29.644 [Test worker] DEBUG org.springframework.test.annotation.ProfileValueUtils - Retrieved @ProfileValueSourceConfiguration [null] for test class [com.example.Geode311DemoApplicationTests]
22:14:29.644 [Test worker] DEBUG org.springframework.test.annotation.ProfileValueUtils - Retrieved ProfileValueSource type [class org.springframework.test.annotation.SystemProfileValueSource] for class [com.example.Geode311DemoApplicationTests]
22:14:29.644 [Test worker] DEBUG org.springframework.test.annotation.ProfileValueUtils - Retrieved @ProfileValueSourceConfiguration [null] for test class [com.example.Geode311DemoApplicationTests]
22:14:29.645 [Test worker] DEBUG org.springframework.test.annotation.ProfileValueUtils - Retrieved ProfileValueSource type [class org.springframework.test.annotation.SystemProfileValueSource] for class [com.example.Geode311DemoApplicationTests]
22:14:29.648 [Test worker] DEBUG org.springframework.test.context.support.AbstractDirtiesContextTestExecutionListener - Before test class: context [DefaultTestContext@608d271d testClass = Geode311DemoApplicationTests, testInstance = [null], testMethod = [null], testException = [null], mergedContextConfiguration = [WebMergedContextConfiguration@35ee8d23 testClass = Geode311DemoApplicationTests, locations = '{}', classes = '{class com.example.Geode311DemoApplication}', contextInitializerClasses = '[]', activeProfiles = '{}', propertySourceLocations = '{}', propertySourceProperties = '{org.springframework.boot.test.context.SpringBootTestContextBootstrapper=true}', contextCustomizers = set[org.springframework.boot.test.context.SpringBootTestContextCustomizer@14a85301, org.springframework.boot.test.context.filter.ExcludeFilterContextCustomizer@4ef90efa, org.springframework.boot.test.mock.mockito.MockitoContextCustomizer@0, org.springframework.boot.test.autoconfigure.properties.PropertyMappingContextCustomizer@0], resourceBasePath = 'src/main/webapp', contextLoader = 'org.springframework.boot.test.context.SpringBootContextLoader', parent = [null]]], class annotated with @DirtiesContext [false] with mode [null].
22:14:29.649 [Test worker] DEBUG org.springframework.test.annotation.ProfileValueUtils - Retrieved @ProfileValueSourceConfiguration [null] for test class [com.example.Geode311DemoApplicationTests]
22:14:29.649 [Test worker] DEBUG org.springframework.test.annotation.ProfileValueUtils - Retrieved ProfileValueSource type [class org.springframework.test.annotation.SystemProfileValueSource] for class [com.example.Geode311DemoApplicationTests]
22:14:29.672 [Test worker] DEBUG org.springframework.core.env.StandardEnvironment - Adding [systemProperties] PropertySource with lowest search precedence
22:14:29.672 [Test worker] DEBUG org.springframework.core.env.StandardEnvironment - Adding [systemEnvironment] PropertySource with lowest search precedence
22:14:29.672 [Test worker] DEBUG org.springframework.core.env.StandardEnvironment - Initialized StandardEnvironment with PropertySources [systemProperties,systemEnvironment]
22:14:29.673 [Test worker] DEBUG org.springframework.test.context.support.TestPropertySourceUtils - Adding inlined properties to environment: {spring.jmx.enabled=false, org.springframework.boot.test.context.SpringBootTestContextBootstrapper=true, server.port=-1}
22:14:29.673 [Test worker] DEBUG org.springframework.core.env.StandardEnvironment - Adding [Inlined Test Properties] PropertySource with highest search precedence

  .   ____          _            __ _ _
 /\\ / ___'_ __ _ _(_)_ __  __ _ \ \ \ \
( ( )\___ | '_ | '_| | '_ \/ _` | \ \ \ \
 \\/  ___)| |_)| | | | | || (_| |  ) ) ) )
  '  |____| .__|_| |_|_| |_\__, | / / / /
 =========|_|==============|___/=/_/_/_/
 :: Spring Boot ::        (v1.4.0.RELEASE)

2016-10-04 22:14:29.953  INFO 54399 --- [    Test worker] c.example.Geode311DemoApplicationTests   : Starting Geode311DemoApplicationTests on anakin.local with PID 54399 (started by wmarkito in /Users/wmarkito/Pivotal/ASF/samples/geode311demo)
2016-10-04 22:14:29.954  INFO 54399 --- [    Test worker] c.example.Geode311DemoApplicationTests   : No active profile set, falling back to default profiles: default
2016-10-04 22:14:30.114  INFO 54399 --- [    Test worker] o.s.w.c.s.GenericWebApplicationContext   : Refreshing org.springframework.web.context.support.GenericWebApplicationContext@251377ae: startup date [Tue Oct 04 22:14:30 EDT 2016]; root of context hierarchy
2016-10-04 22:14:31.490  INFO 54399 --- [    Test worker] s.w.s.m.m.a.RequestMappingHandlerAdapter : Looking for @ControllerAdvice: org.springframework.web.context.support.GenericWebApplicationContext@251377ae: startup date [Tue Oct 04 22:14:30 EDT 2016]; root of context hierarchy
2016-10-04 22:14:31.536  INFO 54399 --- [    Test worker] s.w.s.m.m.a.RequestMappingHandlerMapping : Mapped "{[/search]}" onto public com.example.model.Result com.example.SearchController.search(java.lang.String)
2016-10-04 22:14:31.536  INFO 54399 --- [    Test worker] s.w.s.m.m.a.RequestMappingHandlerMapping : Mapped "{[/indexAll]}" onto public java.lang.String com.example.SearchController.indexDocument(java.util.List<com.example.model.Result>)
2016-10-04 22:14:31.536  INFO 54399 --- [    Test worker] s.w.s.m.m.a.RequestMappingHandlerMapping : Mapped "{[/index]}" onto public java.lang.String com.example.SearchController.indexDocument(com.example.model.Result)
2016-10-04 22:14:31.538  INFO 54399 --- [    Test worker] s.w.s.m.m.a.RequestMappingHandlerMapping : Mapped "{[/error]}" onto public org.springframework.http.ResponseEntity<java.util.Map<java.lang.String, java.lang.Object>> org.springframework.boot.autoconfigure.web.BasicErrorController.error(javax.servlet.http.HttpServletRequest)
2016-10-04 22:14:31.538  INFO 54399 --- [    Test worker] s.w.s.m.m.a.RequestMappingHandlerMapping : Mapped "{[/error],produces=[text/html]}" onto public org.springframework.web.servlet.ModelAndView org.springframework.boot.autoconfigure.web.BasicErrorController.errorHtml(javax.servlet.http.HttpServletRequest,javax.servlet.http.HttpServletResponse)
2016-10-04 22:14:31.560  INFO 54399 --- [    Test worker] o.s.w.s.handler.SimpleUrlHandlerMapping  : Mapped URL path [/webjars/**] onto handler of type [class org.springframework.web.servlet.resource.ResourceHttpRequestHandler]
2016-10-04 22:14:31.560  INFO 54399 --- [    Test worker] o.s.w.s.handler.SimpleUrlHandlerMapping  : Mapped URL path [/**] onto handler of type [class org.springframework.web.servlet.resource.ResourceHttpRequestHandler]
2016-10-04 22:14:31.587  INFO 54399 --- [    Test worker] o.s.w.s.handler.SimpleUrlHandlerMapping  : Mapped URL path [/**/favicon.ico] onto handler of type [class org.springframework.web.servlet.resource.ResourceHttpRequestHandler]
2016-10-04 22:14:31.856  INFO 54399 --- [    Test worker] roperties$SimpleAuthenticationProperties : 

Using default password for shell access: f1a0281a-23a0-48a6-a5b5-7d92bdbcae2f


2016-10-04 22:14:32.609  INFO 54399 --- [    Test worker] o.s.b.a.e.mvc.EndpointHandlerMapping     : Mapped "{[/trace || /trace.json],methods=[GET],produces=[application/json]}" onto public java.lang.Object org.springframework.boot.actuate.endpoint.mvc.EndpointMvcAdapter.invoke()
2016-10-04 22:14:32.611  INFO 54399 --- [    Test worker] o.s.b.a.e.mvc.EndpointHandlerMapping     : Mapped "{[/beans || /beans.json],methods=[GET],produces=[application/json]}" onto public java.lang.Object org.springframework.boot.actuate.endpoint.mvc.EndpointMvcAdapter.invoke()
2016-10-04 22:14:32.611  INFO 54399 --- [    Test worker] o.s.b.a.e.mvc.EndpointHandlerMapping     : Mapped "{[/info || /info.json],methods=[GET],produces=[application/json]}" onto public java.lang.Object org.springframework.boot.actuate.endpoint.mvc.EndpointMvcAdapter.invoke()
2016-10-04 22:14:32.612  INFO 54399 --- [    Test worker] o.s.b.a.e.mvc.EndpointHandlerMapping     : Mapped "{[/dump || /dump.json],methods=[GET],produces=[application/json]}" onto public java.lang.Object org.springframework.boot.actuate.endpoint.mvc.EndpointMvcAdapter.invoke()
2016-10-04 22:14:32.614  INFO 54399 --- [    Test worker] o.s.b.a.e.mvc.EndpointHandlerMapping     : Mapped "{[/env/{name:.*}],methods=[GET],produces=[application/json]}" onto public java.lang.Object org.springframework.boot.actuate.endpoint.mvc.EnvironmentMvcEndpoint.value(java.lang.String)
2016-10-04 22:14:32.614  INFO 54399 --- [    Test worker] o.s.b.a.e.mvc.EndpointHandlerMapping     : Mapped "{[/env || /env.json],methods=[GET],produces=[application/json]}" onto public java.lang.Object org.springframework.boot.actuate.endpoint.mvc.EndpointMvcAdapter.invoke()
2016-10-04 22:14:32.615  INFO 54399 --- [    Test worker] o.s.b.a.e.mvc.EndpointHandlerMapping     : Mapped "{[/configprops || /configprops.json],methods=[GET],produces=[application/json]}" onto public java.lang.Object org.springframework.boot.actuate.endpoint.mvc.EndpointMvcAdapter.invoke()
2016-10-04 22:14:32.617  INFO 54399 --- [    Test worker] o.s.b.a.e.mvc.EndpointHandlerMapping     : Mapped "{[/mappings || /mappings.json],methods=[GET],produces=[application/json]}" onto public java.lang.Object org.springframework.boot.actuate.endpoint.mvc.EndpointMvcAdapter.invoke()
2016-10-04 22:14:32.618  INFO 54399 --- [    Test worker] o.s.b.a.e.mvc.EndpointHandlerMapping     : Mapped "{[/heapdump || /heapdump.json],methods=[GET],produces=[application/octet-stream]}" onto public void org.springframework.boot.actuate.endpoint.mvc.HeapdumpMvcEndpoint.invoke(boolean,javax.servlet.http.HttpServletRequest,javax.servlet.http.HttpServletResponse) throws java.io.IOException,javax.servlet.ServletException
2016-10-04 22:14:32.619  INFO 54399 --- [    Test worker] o.s.b.a.e.mvc.EndpointHandlerMapping     : Mapped "{[/metrics/{name:.*}],methods=[GET],produces=[application/json]}" onto public java.lang.Object org.springframework.boot.actuate.endpoint.mvc.MetricsMvcEndpoint.value(java.lang.String)
2016-10-04 22:14:32.620  INFO 54399 --- [    Test worker] o.s.b.a.e.mvc.EndpointHandlerMapping     : Mapped "{[/metrics || /metrics.json],methods=[GET],produces=[application/json]}" onto public java.lang.Object org.springframework.boot.actuate.endpoint.mvc.EndpointMvcAdapter.invoke()
2016-10-04 22:14:32.621  INFO 54399 --- [    Test worker] o.s.b.a.e.mvc.EndpointHandlerMapping     : Mapped "{[/health || /health.json],produces=[application/json]}" onto public java.lang.Object org.springframework.boot.actuate.endpoint.mvc.HealthMvcEndpoint.invoke(java.security.Principal)
2016-10-04 22:14:32.621  INFO 54399 --- [    Test worker] o.s.b.a.e.mvc.EndpointHandlerMapping     : Mapped "{[/autoconfig || /autoconfig.json],methods=[GET],produces=[application/json]}" onto public java.lang.Object org.springframework.boot.actuate.endpoint.mvc.EndpointMvcAdapter.invoke()
2016-10-04 22:14:32.792  INFO 54399 --- [    Test worker] c.example.Geode311DemoApplicationTests   : Started Geode311DemoApplicationTests in 3.111 seconds (JVM running for 3.812)
]]></system-out>
  <system-err><![CDATA[]]></system-err>
</testsuite>
