<?xml version="1.0" encoding="UTF-8"?>
<testsuite name="com.example.model.LoaderTest" tests="2" skipped="0" failures="0" errors="0" timestamp="2016-10-05T02:14:32" hostname="anakin.local" time="0.0">
  <properties/>
  <testcase name="process" classname="com.example.model.LoaderTest" time="0.0"/>
  <testcase name="loadSample" classname="com.example.model.LoaderTest" time="0.0"/>
  <system-out><![CDATA[]]></system-out>
  <system-err><![CDATA[]]></system-err>
</testsuite>
